<?xml version="1.0" encoding="UTF-8"?>
<robot generator="Robot 7.0 (Python 3.12.3 on darwin)" generated="2024-05-15T11:27:42.463557" rpa="false" schemaversion="5">
<suite id="s1" name="Healtcare-Appointment-robotframework" source="/Users/pavankumar/VSCODE/Healtcare-Appointment-robotframework">
<suite id="s1-s1" name="Cura-Healthcare" source="/Users/pavankumar/VSCODE/Healtcare-Appointment-robotframework/cura-healthcare">
<suite id="s1-s1-s1" name="Test Case" source="/Users/pavankumar/VSCODE/Healtcare-Appointment-robotframework/cura-healthcare/test_case">
<suite id="s1-s1-s1-s1" name="Login" source="/Users/pavankumar/VSCODE/Healtcare-Appointment-robotframework/cura-healthcare/test_case/login.robot">
<kw name="Open Browser" owner="SeleniumLibrary" type="SETUP">
<msg time="2024-05-15T11:27:42.547878" level="INFO">Opening browser 'chorme' to base url 'https://katalon-demo-cura.herokuapp.com/profile.php#login'.</msg>
<msg time="2024-05-15T11:27:42.547965" level="INFO">Cannot capture screenshot because no browser is open.</msg>
<msg time="2024-05-15T11:27:42.548079" level="FAIL">ValueError: chorme is not a supported browser.</msg>
<arg>browser=chorme</arg>
<arg>url=https://katalon-demo-cura.herokuapp.com/profile.php#login</arg>
<doc>Opens a new browser instance to the optional ``url``.</doc>
<status status="FAIL" start="2024-05-15T11:27:42.547688" elapsed="0.002428">ValueError: chorme is not a supported browser.</status>
</kw>
<test id="s1-s1-s1-s1-t1" name="Test to verify login page" line="10">
<status status="FAIL" start="2024-05-15T11:27:42.550254" elapsed="0.000291">Parent suite setup failed:
ValueError: chorme is not a supported browser.</status>
</test>
<status status="FAIL" start="2024-05-15T11:27:42.475890" elapsed="0.075004">Suite setup failed:
ValueError: chorme is not a supported browser.</status>
</suite>
<status status="FAIL" start="2024-05-15T11:27:42.475028" elapsed="0.076621"/>
</suite>
<status status="FAIL" start="2024-05-15T11:27:42.474230" elapsed="0.077999"/>
</suite>
<status status="FAIL" start="2024-05-15T11:27:42.465586" elapsed="0.087030"/>
</suite>
<statistics>
<total>
<stat pass="0" fail="1" skip="0">All Tests</stat>
</total>
<tag>
</tag>
<suite>
<stat pass="0" fail="1" skip="0" id="s1" name="Healtcare-Appointment-robotframework">Healtcare-Appointment-robotframework</stat>
<stat pass="0" fail="1" skip="0" id="s1-s1" name="Cura-Healthcare">Healtcare-Appointment-robotframework.Cura-Healthcare</stat>
<stat pass="0" fail="1" skip="0" id="s1-s1-s1" name="Test Case">Healtcare-Appointment-robotframework.Cura-Healthcare.Test Case</stat>
<stat pass="0" fail="1" skip="0" id="s1-s1-s1-s1" name="Login">Healtcare-Appointment-robotframework.Cura-Healthcare.Test Case.Login</stat>
</suite>
</statistics>
<errors>
</errors>
</robot>
