<?xml version="1.0" encoding="UTF-8"?>
<robot generator="Robot 7.0 (Python 3.12.3 on darwin)" generated="2024-05-15T11:23:46.008001" rpa="false" schemaversion="5">
<suite id="s1" name="Healtcare-Appointment-robotframework" source="/Users/pavankumar/VSCODE/Healtcare-Appointment-robotframework">
<suite id="s1-s1" name="Cura-Healthcare" source="/Users/pavankumar/VSCODE/Healtcare-Appointment-robotframework/cura-healthcare">
<suite id="s1-s1-s1" name="Test cases" source="/Users/pavankumar/VSCODE/Healtcare-Appointment-robotframework/cura-healthcare/Test_cases">
<suite id="s1-s1-s1-s1" name="Login" source="/Users/pavankumar/VSCODE/Healtcare-Appointment-robotframework/cura-healthcare/Test_cases/login.robot">
<test id="s1-s1-s1-s1-t1" name="LOGIN" line="6">
<kw name="Open Browser" owner="SeleniumLibrary">
<msg time="2024-05-15T11:23:46.097632" level="INFO">Opening browser 'firefox' to base url 'None'.</msg>
<arg>${None}</arg>
<doc>Opens a new browser instance to the optional ``url``.</doc>
<status status="PASS" start="2024-05-15T11:23:46.097345" elapsed="1.508985"/>
</kw>
<status status="PASS" start="2024-05-15T11:23:46.096784" elapsed="1.509957"/>
</test>
<status status="PASS" start="2024-05-15T11:23:46.032270" elapsed="1.575035"/>
</suite>
<status status="PASS" start="2024-05-15T11:23:46.031526" elapsed="1.576694"/>
</suite>
<status status="PASS" start="2024-05-15T11:23:46.030726" elapsed="1.578101"/>
</suite>
<status status="PASS" start="2024-05-15T11:23:46.023349" elapsed="1.585903"/>
</suite>
<statistics>
<total>
<stat pass="1" fail="0" skip="0">All Tests</stat>
</total>
<tag>
</tag>
<suite>
<stat pass="1" fail="0" skip="0" id="s1" name="Healtcare-Appointment-robotframework">Healtcare-Appointment-robotframework</stat>
<stat pass="1" fail="0" skip="0" id="s1-s1" name="Cura-Healthcare">Healtcare-Appointment-robotframework.Cura-Healthcare</stat>
<stat pass="1" fail="0" skip="0" id="s1-s1-s1" name="Test cases">Healtcare-Appointment-robotframework.Cura-Healthcare.Test cases</stat>
<stat pass="1" fail="0" skip="0" id="s1-s1-s1-s1" name="Login">Healtcare-Appointment-robotframework.Cura-Healthcare.Test cases.Login</stat>
</suite>
</statistics>
<errors>
</errors>
</robot>
